<?xml version="1.0" encoding="UTF-8"?>
<TestRun id="7bd96a68-7b65-4c3b-a40a-733e3abed0a1" name="mnazaire@R108P14HVVS 2017-12-21 09:23:57" runUser="SIO\mnazaire" xmlns="http://microsoft.com/schemas/VisualStudio/TeamTest/2010">
  <TestSettings name="Local" id="5ec3c499-e80f-48f0-970b-6759f4190518">
    <Description>Il s'agit des paramètres de test par défaut pour une série de tests locale.</Description>
    <Deployment enabled="false" runDeploymentRoot="mnazaire_R108P14HVVS 2017-12-21 09_23_57">
      <DeploymentItem filename="C:\VSProjetNazaire\GENCODE\GENCODE\bin\Debug\GENCODE.exe" />
    </Deployment>
    <Execution>
      <TestTypeSpecific />
      <AgentRule name="Execution Agents">
      </AgentRule>
    </Execution>
  </TestSettings>
  <Times creation="2017-12-21T09:23:57.3571730+01:00" queuing="2017-12-21T09:23:57.4509236+01:00" start="2017-12-21T09:23:57.4509236+01:00" finish="2017-12-21T09:23:57.6071746+01:00" />
  <ResultSummary outcome="Completed">
    <Counters total="6" executed="6" passed="6" error="0" failed="0" timeout="0" aborted="0" inconclusive="0" passedButRunAborted="0" notRunnable="0" notExecuted="0" disconnected="0" warning="0" completed="0" inProgress="0" pending="0" />
  </ResultSummary>
  <TestDefinitions>
    <UnitTest name="ToStringTest" storage="c:\vsprojetnazaire\gencode\testean13\bin\debug\testean13.dll" id="fc088f0c-0d88-c0a7-85e1-7f86ad18f642">
      <Execution id="194caaa5-6011-4b5e-965e-1ebc56d78b38" />
      <TestMethod codeBase="C:/VSProjetNazaire/GENCODE/TestEan13/bin/Debug/TestEan13.DLL" adapterTypeName="Microsoft.VisualStudio.TestTools.TestTypes.Unit.UnitTestAdapter, Microsoft.VisualStudio.QualityTools.Tips.UnitTest.Adapter, Version=10.0.0.0, Culture=neutral, PublicKeyToken=b03f5f7f11d50a3a" className="TestEan13.Ean13Test, TestEan13, Version=1.0.0.0, Culture=neutral, PublicKeyToken=null" name="ToStringTest" />
    </UnitTest>
    <UnitTest name="CleTest" storage="c:\vsprojetnazaire\gencode\testean13\bin\debug\testean13.dll" id="c52f5332-71ff-335c-862c-1d556b4a6abc">
      <Execution id="c6d3a512-f953-4ce0-b073-b19bbecdabe7" />
      <TestMethod codeBase="C:/VSProjetNazaire/GENCODE/TestEan13/bin/Debug/TestEan13.DLL" adapterTypeName="Microsoft.VisualStudio.TestTools.TestTypes.Unit.UnitTestAdapter, Microsoft.VisualStudio.QualityTools.Tips.UnitTest.Adapter, Version=10.0.0.0, Culture=neutral, PublicKeyToken=b03f5f7f11d50a3a" className="TestEan13.Ean13Test, TestEan13, Version=1.0.0.0, Culture=neutral, PublicKeyToken=null" name="CleTest" />
    </UnitTest>
    <UnitTest name="ResteTest" storage="c:\vsprojetnazaire\gencode\testean13\bin\debug\testean13.dll" id="da35aeb7-e1df-eeed-6b2d-3a17dd8140d8">
      <Execution id="c00d76fa-007b-4d07-bfec-d87284b45041" />
      <TestMethod codeBase="C:/VSProjetNazaire/GENCODE/TestEan13/bin/Debug/TestEan13.DLL" adapterTypeName="Microsoft.VisualStudio.TestTools.TestTypes.Unit.UnitTestAdapter, Microsoft.VisualStudio.QualityTools.Tips.UnitTest.Adapter, Version=10.0.0.0, Culture=neutral, PublicKeyToken=b03f5f7f11d50a3a" className="TestEan13.Ean13Test, TestEan13, Version=1.0.0.0, Culture=neutral, PublicKeyToken=null" name="ResteTest" />
    </UnitTest>
    <UnitTest name="Ean13ConstructorTest" storage="c:\vsprojetnazaire\gencode\testean13\bin\debug\testean13.dll" id="e9163f9d-c849-b6ad-20b7-06b88564ed77">
      <Execution id="9a50086d-5295-4ea7-9381-cbd137f4a946" />
      <TestMethod codeBase="C:/VSProjetNazaire/GENCODE/TestEan13/bin/Debug/TestEan13.DLL" adapterTypeName="Microsoft.VisualStudio.TestTools.TestTypes.Unit.UnitTestAdapter, Microsoft.VisualStudio.QualityTools.Tips.UnitTest.Adapter, Version=10.0.0.0, Culture=neutral, PublicKeyToken=b03f5f7f11d50a3a" className="TestEan13.Ean13Test, TestEan13, Version=1.0.0.0, Culture=neutral, PublicKeyToken=null" name="Ean13ConstructorTest" />
    </UnitTest>
    <UnitTest name="PoidsImpairTest" storage="c:\vsprojetnazaire\gencode\testean13\bin\debug\testean13.dll" id="3b00af88-da7f-9480-e7c9-bc6616f14c9e">
      <Execution id="9fd1b405-36d9-4c31-9a7f-f83460dad380" />
      <TestMethod codeBase="C:/VSProjetNazaire/GENCODE/TestEan13/bin/Debug/TestEan13.DLL" adapterTypeName="Microsoft.VisualStudio.TestTools.TestTypes.Unit.UnitTestAdapter, Microsoft.VisualStudio.QualityTools.Tips.UnitTest.Adapter, Version=10.0.0.0, Culture=neutral, PublicKeyToken=b03f5f7f11d50a3a" className="TestEan13.Ean13Test, TestEan13, Version=1.0.0.0, Culture=neutral, PublicKeyToken=null" name="PoidsImpairTest" />
    </UnitTest>
    <UnitTest name="PoidsPairTest" storage="c:\vsprojetnazaire\gencode\testean13\bin\debug\testean13.dll" id="0ca3dafd-72c1-0bd1-f5ec-d20609911a3b">
      <Execution id="222a9e1a-4e91-403d-bb26-f254269c2fcf" />
      <TestMethod codeBase="C:/VSProjetNazaire/GENCODE/TestEan13/bin/Debug/TestEan13.DLL" adapterTypeName="Microsoft.VisualStudio.TestTools.TestTypes.Unit.UnitTestAdapter, Microsoft.VisualStudio.QualityTools.Tips.UnitTest.Adapter, Version=10.0.0.0, Culture=neutral, PublicKeyToken=b03f5f7f11d50a3a" className="TestEan13.Ean13Test, TestEan13, Version=1.0.0.0, Culture=neutral, PublicKeyToken=null" name="PoidsPairTest" />
    </UnitTest>
  </TestDefinitions>
  <TestLists>
    <TestList name="Les résultats ne figurent pas dans une liste" id="8c84fa94-04c1-424b-9868-57a2d4851a1d" />
    <TestList name="Tous les résultats chargés" id="19431567-8539-422a-85d7-44ee4e166bda" />
  </TestLists>
  <TestEntries>
    <TestEntry testId="0ca3dafd-72c1-0bd1-f5ec-d20609911a3b" executionId="222a9e1a-4e91-403d-bb26-f254269c2fcf" testListId="8c84fa94-04c1-424b-9868-57a2d4851a1d" />
    <TestEntry testId="3b00af88-da7f-9480-e7c9-bc6616f14c9e" executionId="9fd1b405-36d9-4c31-9a7f-f83460dad380" testListId="8c84fa94-04c1-424b-9868-57a2d4851a1d" />
    <TestEntry testId="c52f5332-71ff-335c-862c-1d556b4a6abc" executionId="c6d3a512-f953-4ce0-b073-b19bbecdabe7" testListId="8c84fa94-04c1-424b-9868-57a2d4851a1d" />
    <TestEntry testId="da35aeb7-e1df-eeed-6b2d-3a17dd8140d8" executionId="c00d76fa-007b-4d07-bfec-d87284b45041" testListId="8c84fa94-04c1-424b-9868-57a2d4851a1d" />
    <TestEntry testId="e9163f9d-c849-b6ad-20b7-06b88564ed77" executionId="9a50086d-5295-4ea7-9381-cbd137f4a946" testListId="8c84fa94-04c1-424b-9868-57a2d4851a1d" />
    <TestEntry testId="fc088f0c-0d88-c0a7-85e1-7f86ad18f642" executionId="194caaa5-6011-4b5e-965e-1ebc56d78b38" testListId="8c84fa94-04c1-424b-9868-57a2d4851a1d" />
  </TestEntries>
  <Results>
    <UnitTestResult executionId="222a9e1a-4e91-403d-bb26-f254269c2fcf" testId="0ca3dafd-72c1-0bd1-f5ec-d20609911a3b" testName="PoidsPairTest" computerName="R108P14HVVS" duration="00:00:00.0075040" startTime="2017-12-21T09:23:57.4509236+01:00" endTime="2017-12-21T09:23:57.5602993+01:00" testType="13cdc9d9-ddb5-4fa4-a97d-d965ccfc6d4b" outcome="Passed" testListId="8c84fa94-04c1-424b-9868-57a2d4851a1d" relativeResultsDirectory="222a9e1a-4e91-403d-bb26-f254269c2fcf">
    </UnitTestResult>
    <UnitTestResult executionId="9fd1b405-36d9-4c31-9a7f-f83460dad380" testId="3b00af88-da7f-9480-e7c9-bc6616f14c9e" testName="PoidsImpairTest" computerName="R108P14HVVS" duration="00:00:00.0002023" startTime="2017-12-21T09:23:57.5602993+01:00" endTime="2017-12-21T09:23:57.5602993+01:00" testType="13cdc9d9-ddb5-4fa4-a97d-d965ccfc6d4b" outcome="Passed" testListId="8c84fa94-04c1-424b-9868-57a2d4851a1d" relativeResultsDirectory="9fd1b405-36d9-4c31-9a7f-f83460dad380">
    </UnitTestResult>
    <UnitTestResult executionId="c6d3a512-f953-4ce0-b073-b19bbecdabe7" testId="c52f5332-71ff-335c-862c-1d556b4a6abc" testName="CleTest" computerName="R108P14HVVS" duration="00:00:00.0002578" startTime="2017-12-21T09:23:57.5602993+01:00" endTime="2017-12-21T09:23:57.5759244+01:00" testType="13cdc9d9-ddb5-4fa4-a97d-d965ccfc6d4b" outcome="Passed" testListId="8c84fa94-04c1-424b-9868-57a2d4851a1d" relativeResultsDirectory="c6d3a512-f953-4ce0-b073-b19bbecdabe7">
    </UnitTestResult>
    <UnitTestResult executionId="c00d76fa-007b-4d07-bfec-d87284b45041" testId="da35aeb7-e1df-eeed-6b2d-3a17dd8140d8" testName="ResteTest" computerName="R108P14HVVS" duration="00:00:00.0001624" startTime="2017-12-21T09:23:57.5759244+01:00" endTime="2017-12-21T09:23:57.5759244+01:00" testType="13cdc9d9-ddb5-4fa4-a97d-d965ccfc6d4b" outcome="Passed" testListId="8c84fa94-04c1-424b-9868-57a2d4851a1d" relativeResultsDirectory="c00d76fa-007b-4d07-bfec-d87284b45041">
    </UnitTestResult>
    <UnitTestResult executionId="9a50086d-5295-4ea7-9381-cbd137f4a946" testId="e9163f9d-c849-b6ad-20b7-06b88564ed77" testName="Ean13ConstructorTest" computerName="R108P14HVVS" duration="00:00:00.0002706" startTime="2017-12-21T09:23:57.5759244+01:00" endTime="2017-12-21T09:23:57.5759244+01:00" testType="13cdc9d9-ddb5-4fa4-a97d-d965ccfc6d4b" outcome="Passed" testListId="8c84fa94-04c1-424b-9868-57a2d4851a1d" relativeResultsDirectory="9a50086d-5295-4ea7-9381-cbd137f4a946">
    </UnitTestResult>
    <UnitTestResult executionId="194caaa5-6011-4b5e-965e-1ebc56d78b38" testId="fc088f0c-0d88-c0a7-85e1-7f86ad18f642" testName="ToStringTest" computerName="R108P14HVVS" duration="00:00:00.0003495" startTime="2017-12-21T09:23:57.5759244+01:00" endTime="2017-12-21T09:23:57.5759244+01:00" testType="13cdc9d9-ddb5-4fa4-a97d-d965ccfc6d4b" outcome="Passed" testListId="8c84fa94-04c1-424b-9868-57a2d4851a1d" relativeResultsDirectory="194caaa5-6011-4b5e-965e-1ebc56d78b38">
    </UnitTestResult>
  </Results>
</TestRun>