<?xml version="1.0" encoding="UTF-8"?>
<TestRun id="906ea308-fa4a-461b-98c9-ca0cd2e4b31c" name="mnazaire@R108P14HVVS 2017-12-21 09:21:28" runUser="SIO\mnazaire" xmlns="http://microsoft.com/schemas/VisualStudio/TeamTest/2010">
  <TestSettings name="Local" id="5ec3c499-e80f-48f0-970b-6759f4190518">
    <Description>Il s'agit des paramètres de test par défaut pour une série de tests locale.</Description>
    <Deployment userDeploymentRoot="C:\VSProjetNazaire\GENCODE\TestResults" useDefaultDeploymentRoot="false" enabled="false" runDeploymentRoot="mnazaire_R108P14HVVS 2017-12-21 09_21_28">
      <DeploymentItem filename="C:\VSProjetNazaire\GENCODE\GENCODE\bin\Debug\GENCODE.exe" />
    </Deployment>
    <Execution>
      <TestTypeSpecific />
      <AgentRule name="Execution Agents">
      </AgentRule>
    </Execution>
  </TestSettings>
  <Times creation="2017-12-21T09:21:28.6857057+01:00" queuing="2017-12-21T09:21:28.7325810+01:00" start="2017-12-21T09:21:28.7325810+01:00" finish="2017-12-21T09:21:28.8419567+01:00" />
  <ResultSummary outcome="Inconclusive">
    <Counters total="2" executed="2" error="0" failed="0" timeout="0" aborted="0" inconclusive="2" passedButRunAborted="0" notRunnable="0" notExecuted="0" disconnected="0" warning="0" passed="0" completed="0" inProgress="0" pending="0" />
    <RunInfos>
      <RunInfo computerName="R108P14HVVS" outcome="Warning" timestamp="2017-12-21T09:21:28.7325810+01:00">
        <Text>Le déploiement est actuellement désactivé. L'élément de déploiement 'GENCODE.exe' sur le test 'TestEan13.ProgramTest.MainTest' n'a pas été déployé.</Text>
      </RunInfo>
    </RunInfos>
  </ResultSummary>
  <TestDefinitions>
    <UnitTest name="MainTest" storage="c:\vsprojetnazaire\gencode\testean13\bin\debug\testean13.dll" id="93b68811-6101-5c93-c75c-fc0e066d650c">
      <DeploymentItems>
        <DeploymentItem filename="GENCODE.exe" />
      </DeploymentItems>
      <Execution id="cfc0833f-0445-45be-9ed9-6939c313ca58" />
      <TestMethod codeBase="C:/VSProjetNazaire/GENCODE/TestEan13/bin/Debug/TestEan13.DLL" adapterTypeName="Microsoft.VisualStudio.TestTools.TestTypes.Unit.UnitTestAdapter, Microsoft.VisualStudio.QualityTools.Tips.UnitTest.Adapter, Version=10.0.0.0, Culture=neutral, PublicKeyToken=b03f5f7f11d50a3a" className="TestEan13.ProgramTest, TestEan13, Version=1.0.0.0, Culture=neutral, PublicKeyToken=null" name="MainTest" />
    </UnitTest>
    <UnitTest name="ProgramConstructorTest" storage="c:\vsprojetnazaire\gencode\testean13\bin\debug\testean13.dll" id="598de4b9-3fb7-1965-9b56-7d56160f1bd7">
      <Execution id="3afbfc87-120b-4ce3-81b6-20ddcb1f7300" />
      <TestMethod codeBase="C:/VSProjetNazaire/GENCODE/TestEan13/bin/Debug/TestEan13.DLL" adapterTypeName="Microsoft.VisualStudio.TestTools.TestTypes.Unit.UnitTestAdapter, Microsoft.VisualStudio.QualityTools.Tips.UnitTest.Adapter, Version=10.0.0.0, Culture=neutral, PublicKeyToken=b03f5f7f11d50a3a" className="TestEan13.ProgramTest, TestEan13, Version=1.0.0.0, Culture=neutral, PublicKeyToken=null" name="ProgramConstructorTest" />
    </UnitTest>
  </TestDefinitions>
  <TestLists>
    <TestList name="Les résultats ne figurent pas dans une liste" id="8c84fa94-04c1-424b-9868-57a2d4851a1d" />
    <TestList name="Tous les résultats chargés" id="19431567-8539-422a-85d7-44ee4e166bda" />
  </TestLists>
  <TestEntries>
    <TestEntry testId="93b68811-6101-5c93-c75c-fc0e066d650c" executionId="cfc0833f-0445-45be-9ed9-6939c313ca58" testListId="8c84fa94-04c1-424b-9868-57a2d4851a1d" />
    <TestEntry testId="598de4b9-3fb7-1965-9b56-7d56160f1bd7" executionId="3afbfc87-120b-4ce3-81b6-20ddcb1f7300" testListId="8c84fa94-04c1-424b-9868-57a2d4851a1d" />
  </TestEntries>
  <Results>
    <UnitTestResult executionId="cfc0833f-0445-45be-9ed9-6939c313ca58" testId="93b68811-6101-5c93-c75c-fc0e066d650c" testName="MainTest" computerName="R108P14HVVS" duration="00:00:00.0120425" startTime="2017-12-21T09:21:28.7325810+01:00" endTime="2017-12-21T09:21:28.8419567+01:00" testType="13cdc9d9-ddb5-4fa4-a97d-d965ccfc6d4b" outcome="Inconclusive" testListId="8c84fa94-04c1-424b-9868-57a2d4851a1d" relativeResultsDirectory="cfc0833f-0445-45be-9ed9-6939c313ca58">
      <Output>
        <ErrorInfo>
          <Message>Échec de Assert.Inconclusive. Une méthode qui ne retourne pas une valeur ne peut pas être vérifiée.</Message>
          <StackTrace>   à TestEan13.ProgramTest.MainTest() dans C:\VSProjetNazaire\GENCODE\TestEan13\ProgramTest.cs:ligne 86
</StackTrace>
        </ErrorInfo>
      </Output>
    </UnitTestResult>
    <UnitTestResult executionId="3afbfc87-120b-4ce3-81b6-20ddcb1f7300" testId="598de4b9-3fb7-1965-9b56-7d56160f1bd7" testName="ProgramConstructorTest" computerName="R108P14HVVS" duration="00:00:00.0003811" startTime="2017-12-21T09:21:28.8419567+01:00" endTime="2017-12-21T09:21:28.8419567+01:00" testType="13cdc9d9-ddb5-4fa4-a97d-d965ccfc6d4b" outcome="Inconclusive" testListId="8c84fa94-04c1-424b-9868-57a2d4851a1d" relativeResultsDirectory="3afbfc87-120b-4ce3-81b6-20ddcb1f7300">
      <Output>
        <ErrorInfo>
          <Message>Échec de Assert.Inconclusive. TODO: implémentez le code pour vérifier la cible</Message>
          <StackTrace>   à TestEan13.ProgramTest.ProgramConstructorTest() dans C:\VSProjetNazaire\GENCODE\TestEan13\ProgramTest.cs:ligne 74
</StackTrace>
        </ErrorInfo>
      </Output>
    </UnitTestResult>
  </Results>
</TestRun>